This file contains any messages produced by compilers while
running configure, to aid debugging if configure makes a mistake.

It was created by python configure 3.8, which was
generated by GNU Autoconf 2.69.  Invocation command line was

  $ /home/mamun/Downloads/Python-3.8.12/configure /home/mamun/.vscode/extensions/ms-python.python-2021.9.1246542782/pythonFiles/interpreterInfo.py

## --------- ##
## Platform. ##
## --------- ##

hostname = mamun
uname -m = x86_64
uname -r = 5.11.0-36-generic
uname -s = Linux
uname -v = #40~20.04.1-Ubuntu SMP Sat Sep 18 02:14:19 UTC 2021

/usr/bin/uname -p = x86_64
/bin/uname -X     = unknown

/bin/arch              = x86_64
/usr/bin/arch -k       = unknown
/usr/convex/getsysinfo = unknown
/usr/bin/hostinfo      = unknown
/bin/machine           = unknown
/usr/bin/oslevel       = unknown
/bin/universe          = unknown

PATH: /home/mamun/.local/bin
PATH: /usr/local/sbin
PATH: /usr/local/bin
PATH: /usr/sbin
PATH: /usr/bin
PATH: /sbin
PATH: /bin
PATH: /usr/games
PATH: /usr/local/games
PATH: /snap/bin


## ----------- ##
## Core tests. ##
## ----------- ##

configure:2808: checking build system type
configure:2819: error: /bin/bash /home/mamun/Downloads/Python-3.8.12/config.sub /home/mamun/.vscode/extensions/ms-python.python-2021.9.1246542782/pythonFiles/interpreterInfo.py failed

## ---------------- ##
## Cache variables. ##
## ---------------- ##

ac_cv_build=
ac_cv_env_CC_set=
ac_cv_env_CC_value=
ac_cv_env_CFLAGS_set=
ac_cv_env_CFLAGS_value=
ac_cv_env_CPPFLAGS_set=
ac_cv_env_CPPFLAGS_value=
ac_cv_env_CPP_set=
ac_cv_env_CPP_value=
ac_cv_env_LDFLAGS_set=
ac_cv_env_LDFLAGS_value=
ac_cv_env_LIBS_set=
ac_cv_env_LIBS_value=
ac_cv_env_MACHDEP_set=
ac_cv_env_MACHDEP_value=
ac_cv_env_PKG_CONFIG_LIBDIR_set=
ac_cv_env_PKG_CONFIG_LIBDIR_value=
ac_cv_env_PKG_CONFIG_PATH_set=
ac_cv_env_PKG_CONFIG_PATH_value=
ac_cv_env_PKG_CONFIG_set=
ac_cv_env_PKG_CONFIG_value=
ac_cv_env_PROFILE_TASK_set=
ac_cv_env_PROFILE_TASK_value=
ac_cv_env_build_alias_set=set
ac_cv_env_build_alias_value=/home/mamun/.vscode/extensions/ms-python.python-2021.9.1246542782/pythonFiles/interpreterInfo.py
ac_cv_env_host_alias_set=set
ac_cv_env_host_alias_value=/home/mamun/.vscode/extensions/ms-python.python-2021.9.1246542782/pythonFiles/interpreterInfo.py
ac_cv_env_target_alias_set=set
ac_cv_env_target_alias_value=/home/mamun/.vscode/extensions/ms-python.python-2021.9.1246542782/pythonFiles/interpreterInfo.py

## ----------------- ##
## Output variables. ##
## ----------------- ##

ABIFLAGS=''
ALT_SOABI=''
AR=''
ARCH_RUN_32BIT=''
ARFLAGS=''
BASECFLAGS=''
BASECPPFLAGS='-IObjects -IInclude -IPython'
BLDLIBRARY=''
BLDSHARED=''
BUILDEXEEXT=''
CC=''
CCSHARED=''
CFLAGS=''
CFLAGSFORSHARED=''
CFLAGS_ALIASING=''
CFLAGS_NODIST=''
CONFIGURE_MACOSX_DEPLOYMENT_TARGET=''
CONFIG_ARGS=''
CPP=''
CPPFLAGS=''
CXX=''
DEFS=''
DEF_MAKE_ALL_RULE=''
DEF_MAKE_RULE=''
DFLAGS=''
DLINCLDIR=''
DLLLIBRARY=''
DTRACE=''
DTRACE_HEADERS=''
DTRACE_OBJS=''
DYNLOADFILE=''
ECHO_C=''
ECHO_N='-n'
ECHO_T=''
EGREP=''
ENSUREPIP=''
EXEEXT=''
EXPORT_MACOSX_DEPLOYMENT_TARGET=''
EXT_SUFFIX=''
FRAMEWORKALTINSTALLFIRST=''
FRAMEWORKALTINSTALLLAST=''
FRAMEWORKINSTALLAPPSPREFIX=''
FRAMEWORKINSTALLFIRST=''
FRAMEWORKINSTALLLAST=''
FRAMEWORKPYTHONW=''
FRAMEWORKUNIXTOOLSPREFIX=''
GITBRANCH=''
GITTAG=''
GITVERSION=''
GNULD=''
GREP=''
HAS_GIT='no-repository'
HAVE_GETHOSTBYNAME=''
HAVE_GETHOSTBYNAME_R=''
HAVE_GETHOSTBYNAME_R_3_ARG=''
HAVE_GETHOSTBYNAME_R_5_ARG=''
HAVE_GETHOSTBYNAME_R_6_ARG=''
INSTALL_DATA=''
INSTALL_PROGRAM=''
INSTALL_SCRIPT=''
INSTSONAME=''
LDCXXSHARED=''
LDFLAGS=''
LDFLAGS_NODIST=''
LDLIBRARY=''
LDLIBRARYDIR=''
LDSHARED=''
LDVERSION=''
LIBC=''
LIBFFI_INCLUDEDIR=''
LIBM=''
LIBOBJS=''
LIBPL=''
LIBPYTHON=''
LIBRARY=''
LIBS=''
LIBTOOL_CRUFT=''
LINKCC=''
LINKFORSHARED=''
LIPO_32BIT_FLAGS=''
LIPO_INTEL64_FLAGS=''
LLVM_AR=''
LLVM_AR_FOUND=''
LLVM_PROFDATA=''
LLVM_PROF_ERR=''
LLVM_PROF_FILE=''
LLVM_PROF_FOUND=''
LLVM_PROF_MERGER=''
LN=''
LTLIBOBJS=''
MACHDEP=''
MACHDEP_OBJS=''
MAINCC=''
MKDIR_P=''
MULTIARCH=''
MULTIARCH_CPPFLAGS=''
NO_AS_NEEDED=''
OBJEXT=''
OPENSSL_INCLUDES=''
OPENSSL_LDFLAGS=''
OPENSSL_LIBS=''
OPT=''
OTHER_LIBTOOL_OPT=''
PACKAGE_BUGREPORT='https://bugs.python.org/'
PACKAGE_NAME='python'
PACKAGE_STRING='python 3.8'
PACKAGE_TARNAME='python'
PACKAGE_URL=''
PACKAGE_VERSION='3.8'
PATH_SEPARATOR=':'
PGO_PROF_GEN_FLAG=''
PGO_PROF_USE_FLAG=''
PKG_CONFIG=''
PKG_CONFIG_LIBDIR=''
PKG_CONFIG_PATH=''
PLATFORM_TRIPLET=''
PROFILE_TASK=''
PY3LIBRARY=''
PYTHONFRAMEWORK=''
PYTHONFRAMEWORKDIR=''
PYTHONFRAMEWORKIDENTIFIER=''
PYTHONFRAMEWORKINSTALLDIR=''
PYTHONFRAMEWORKPREFIX=''
PYTHON_FOR_BUILD=''
PYTHON_FOR_REGEN=''
PY_ENABLE_SHARED=''
READELF=''
RUNSHARED=''
SED=''
SHELL='/bin/bash'
SHLIBS=''
SHLIB_SUFFIX=''
SOABI=''
SOVERSION=''
SRCDIRS=''
TCLTK_INCLUDES=''
TCLTK_LIBS=''
THREADHEADERS=''
TRUE=''
UNIVERSALSDK=''
UNIVERSAL_ARCH_FLAGS=''
VERSION=''
_PYTHON_HOST_PLATFORM=''
ac_ct_AR=''
ac_ct_CC=''
ac_ct_CXX=''
ac_ct_READELF=''
bindir='${exec_prefix}/bin'
build='/home/mamun/.vscode/extensions/ms-python.python-2021.9.1246542782/pythonFiles/interpreterInfo.py'
build_alias='/home/mamun/.vscode/extensions/ms-python.python-2021.9.1246542782/pythonFiles/interpreterInfo.py'
build_cpu=''
build_os=''
build_vendor=''
datadir='${datarootdir}'
datarootdir='${prefix}/share'
docdir='${datarootdir}/doc/${PACKAGE_TARNAME}'
dvidir='${docdir}'
exec_prefix='NONE'
host='/home/mamun/.vscode/extensions/ms-python.python-2021.9.1246542782/pythonFiles/interpreterInfo.py'
host_alias='/home/mamun/.vscode/extensions/ms-python.python-2021.9.1246542782/pythonFiles/interpreterInfo.py'
host_cpu=''
host_os=''
host_vendor=''
htmldir='${docdir}'
includedir='${prefix}/include'
infodir='${datarootdir}/info'
libdir='${exec_prefix}/lib'
libexecdir='${exec_prefix}/libexec'
localedir='${datarootdir}/locale'
localstatedir='${prefix}/var'
mandir='${datarootdir}/man'
oldincludedir='/usr/include'
pdfdir='${docdir}'
prefix='NONE'
program_transform_name='s,x,x,'
psdir='${docdir}'
sbindir='${exec_prefix}/sbin'
sharedstatedir='${prefix}/com'
sysconfdir='${prefix}/etc'
target_alias='/home/mamun/.vscode/extensions/ms-python.python-2021.9.1246542782/pythonFiles/interpreterInfo.py'

## ----------- ##
## confdefs.h. ##
## ----------- ##

/* confdefs.h */
#define PACKAGE_NAME "python"
#define PACKAGE_TARNAME "python"
#define PACKAGE_VERSION "3.8"
#define PACKAGE_STRING "python 3.8"
#define PACKAGE_BUGREPORT "https://bugs.python.org/"
#define PACKAGE_URL ""

configure: exit 1
